[2020-08-20 14:47:32Z INFO HostContext] No proxy settings were found based on environmental variables (http_proxy/https_proxy/HTTP_PROXY/HTTPS_PROXY)
[2020-08-20 14:47:32Z INFO HostContext] Well known directory 'Bin': '/home/akshatz/Documents/TicTacToe/tic-tac-toe/actions-runner/bin'
[2020-08-20 14:47:32Z INFO HostContext] Well known directory 'Root': '/home/akshatz/Documents/TicTacToe/tic-tac-toe/actions-runner'
[2020-08-20 14:47:32Z INFO HostContext] Well known config file 'Credentials': '/home/akshatz/Documents/TicTacToe/tic-tac-toe/actions-runner/.credentials'
[2020-08-20 14:47:32Z INFO Listener] Runner is built for Linux (X64) - linux-x64.
[2020-08-20 14:47:32Z INFO Listener] RuntimeInformation: Linux 5.4.0-42-generic #46-Ubuntu SMP Fri Jul 10 00:24:02 UTC 2020.
[2020-08-20 14:47:32Z INFO Listener] Version: 2.272.0
[2020-08-20 14:47:32Z INFO Listener] Commit: ae543d59756d8440d9b450f3ca74ada6a1b8aefc
[2020-08-20 14:47:32Z INFO Listener] Culture: en-GB
[2020-08-20 14:47:32Z INFO Listener] UI Culture: en-GB
[2020-08-20 14:47:32Z INFO HostContext] Well known directory 'Bin': '/home/akshatz/Documents/TicTacToe/tic-tac-toe/actions-runner/bin'
[2020-08-20 14:47:32Z INFO HostContext] Well known directory 'Root': '/home/akshatz/Documents/TicTacToe/tic-tac-toe/actions-runner'
[2020-08-20 14:47:32Z INFO Listener] Validating directory permissions for: '/home/akshatz/Documents/TicTacToe/tic-tac-toe/actions-runner'
[2020-08-20 14:47:32Z INFO CommandLineParser] Parse
[2020-08-20 14:47:32Z INFO CommandLineParser] Parsing 5 args
[2020-08-20 14:47:32Z INFO CommandLineParser] parsing argument
[2020-08-20 14:47:32Z INFO CommandLineParser] HasArgs: False
[2020-08-20 14:47:32Z INFO CommandLineParser] Adding Command: configure
[2020-08-20 14:47:32Z INFO CommandLineParser] parsing argument
[2020-08-20 14:47:32Z INFO CommandLineParser] HasArgs: True
[2020-08-20 14:47:32Z INFO CommandLineParser] arg: url
[2020-08-20 14:47:32Z INFO CommandLineParser] parsing argument
[2020-08-20 14:47:32Z INFO CommandLineParser] HasArgs: True
[2020-08-20 14:47:32Z INFO CommandLineParser] Adding option 'url': 'https://github.com/akshatz/TicTacToe'
[2020-08-20 14:47:32Z INFO CommandLineParser] parsing argument
[2020-08-20 14:47:32Z INFO CommandLineParser] HasArgs: True
[2020-08-20 14:47:32Z INFO CommandLineParser] arg: token
[2020-08-20 14:47:32Z INFO CommandLineParser] parsing argument
[2020-08-20 14:47:32Z INFO CommandLineParser] HasArgs: True
[2020-08-20 14:47:32Z INFO CommandLineParser] Adding option 'token': '***'
[2020-08-20 14:47:32Z INFO Listener] Arguments parsed
[2020-08-20 14:47:32Z INFO Runner] ExecuteCommand
[2020-08-20 14:47:32Z INFO ConfigurationStore] currentAssemblyLocation: /home/akshatz/Documents/TicTacToe/tic-tac-toe/actions-runner/bin/Runner.Listener.dll
[2020-08-20 14:47:32Z INFO HostContext] Well known directory 'Bin': '/home/akshatz/Documents/TicTacToe/tic-tac-toe/actions-runner/bin'
[2020-08-20 14:47:32Z INFO ConfigurationStore] binPath: /home/akshatz/Documents/TicTacToe/tic-tac-toe/actions-runner/bin
[2020-08-20 14:47:32Z INFO HostContext] Well known directory 'Bin': '/home/akshatz/Documents/TicTacToe/tic-tac-toe/actions-runner/bin'
[2020-08-20 14:47:32Z INFO HostContext] Well known directory 'Root': '/home/akshatz/Documents/TicTacToe/tic-tac-toe/actions-runner'
[2020-08-20 14:47:32Z INFO ConfigurationStore] RootFolder: /home/akshatz/Documents/TicTacToe/tic-tac-toe/actions-runner
[2020-08-20 14:47:32Z INFO HostContext] Well known directory 'Bin': '/home/akshatz/Documents/TicTacToe/tic-tac-toe/actions-runner/bin'
[2020-08-20 14:47:32Z INFO HostContext] Well known directory 'Root': '/home/akshatz/Documents/TicTacToe/tic-tac-toe/actions-runner'
[2020-08-20 14:47:32Z INFO HostContext] Well known config file 'Runner': '/home/akshatz/Documents/TicTacToe/tic-tac-toe/actions-runner/.runner'
[2020-08-20 14:47:32Z INFO ConfigurationStore] ConfigFilePath: /home/akshatz/Documents/TicTacToe/tic-tac-toe/actions-runner/.runner
[2020-08-20 14:47:32Z INFO HostContext] Well known directory 'Bin': '/home/akshatz/Documents/TicTacToe/tic-tac-toe/actions-runner/bin'
[2020-08-20 14:47:32Z INFO HostContext] Well known directory 'Root': '/home/akshatz/Documents/TicTacToe/tic-tac-toe/actions-runner'
[2020-08-20 14:47:32Z INFO HostContext] Well known config file 'Credentials': '/home/akshatz/Documents/TicTacToe/tic-tac-toe/actions-runner/.credentials'
[2020-08-20 14:47:32Z INFO ConfigurationStore] CredFilePath: /home/akshatz/Documents/TicTacToe/tic-tac-toe/actions-runner/.credentials
[2020-08-20 14:47:32Z INFO HostContext] Well known directory 'Bin': '/home/akshatz/Documents/TicTacToe/tic-tac-toe/actions-runner/bin'
[2020-08-20 14:47:32Z INFO HostContext] Well known directory 'Root': '/home/akshatz/Documents/TicTacToe/tic-tac-toe/actions-runner'
[2020-08-20 14:47:32Z INFO HostContext] Well known config file 'MigratedCredentials': '/home/akshatz/Documents/TicTacToe/tic-tac-toe/actions-runner/.credentials_migrated'
[2020-08-20 14:47:32Z INFO ConfigurationStore] MigratedCredFilePath: /home/akshatz/Documents/TicTacToe/tic-tac-toe/actions-runner/.credentials_migrated
[2020-08-20 14:47:32Z INFO HostContext] Well known directory 'Bin': '/home/akshatz/Documents/TicTacToe/tic-tac-toe/actions-runner/bin'
[2020-08-20 14:47:32Z INFO HostContext] Well known directory 'Root': '/home/akshatz/Documents/TicTacToe/tic-tac-toe/actions-runner'
[2020-08-20 14:47:32Z INFO HostContext] Well known config file 'Service': '/home/akshatz/Documents/TicTacToe/tic-tac-toe/actions-runner/.service'
[2020-08-20 14:47:32Z INFO ConfigurationStore] ServiceConfigFilePath: /home/akshatz/Documents/TicTacToe/tic-tac-toe/actions-runner/.service
[2020-08-20 14:47:32Z INFO CommandSettings] Flag 'help': 'False'
[2020-08-20 14:47:32Z INFO CommandSettings] Flag 'version': 'False'
[2020-08-20 14:47:32Z INFO CommandSettings] Flag 'commit': 'False'
[2020-08-20 14:47:32Z INFO CommandSettings] Command 'configure': 'True'
[2020-08-20 14:47:32Z INFO Terminal] WRITE LINE: 
[2020-08-20 14:47:32Z INFO Terminal] WRITE LINE: --------------------------------------------------------------------------------
[2020-08-20 14:47:32Z INFO Terminal] WRITE LINE: |        ____ _ _   _   _       _          _        _   _                      |
[2020-08-20 14:47:32Z INFO Terminal] WRITE LINE: |       / ___(_) |_| | | |_   _| |__      / \   ___| |_(_) ___  _ __  ___      |
[2020-08-20 14:47:32Z INFO Terminal] WRITE LINE: |      | |  _| | __| |_| | | | | '_ \    / _ \ / __| __| |/ _ \| '_ \/ __|     |
[2020-08-20 14:47:32Z INFO Terminal] WRITE LINE: |      | |_| | | |_|  _  | |_| | |_) |  / ___ \ (__| |_| | (_) | | | \__ \     |
[2020-08-20 14:47:32Z INFO Terminal] WRITE LINE: |       \____|_|\__|_| |_|\__,_|_.__/  /_/   \_\___|\__|_|\___/|_| |_|___/     |
[2020-08-20 14:47:32Z INFO Terminal] WRITE LINE: |                                                                              |
[2020-08-20 14:47:32Z INFO Terminal] WRITE: |                       
[2020-08-20 14:47:32Z INFO Terminal] WRITE: Self-hosted runner registration
[2020-08-20 14:47:32Z INFO Terminal] WRITE LINE:                         |
[2020-08-20 14:47:32Z INFO Terminal] WRITE LINE: |                                                                              |
[2020-08-20 14:47:32Z INFO Terminal] WRITE LINE: --------------------------------------------------------------------------------
[2020-08-20 14:47:32Z INFO ConfigurationManager] ConfigureAsync
[2020-08-20 14:47:32Z INFO ConfigurationStore] IsConfigured()
[2020-08-20 14:47:32Z INFO ConfigurationStore] IsConfigured: False
[2020-08-20 14:47:32Z INFO ConfigurationManager] Is configured: False
[2020-08-20 14:47:32Z INFO CommandSettings] Arg 'url': 'https://github.com/akshatz/TicTacToe'
[2020-08-20 14:47:32Z INFO CommandSettings] Remove url from Arg dictionary.
[2020-08-20 14:47:32Z INFO CommandSettings] Arg 'token': '***'
[2020-08-20 14:47:32Z INFO CommandSettings] Remove token from Arg dictionary.
[2020-08-20 14:47:34Z INFO ConfigurationManager] Http response code: OK from 'POST https://api.github.com/actions/runner-registration'
[2020-08-20 14:47:34Z INFO ConfigurationManager] cred retrieved via GitHub auth
[2020-08-20 14:47:34Z INFO RunnerServer] Establish connection with 100 seconds timeout.
[2020-08-20 14:47:34Z INFO GitHubActionsService] Starting operation Location.GetConnectionData
[2020-08-20 14:47:34Z INFO RunnerServer] Establish connection with 60 seconds timeout.
[2020-08-20 14:47:34Z INFO GitHubActionsService] Starting operation Location.GetConnectionData
[2020-08-20 14:47:34Z INFO RunnerServer] Establish connection with 60 seconds timeout.
[2020-08-20 14:47:34Z INFO GitHubActionsService] Starting operation Location.GetConnectionData
[2020-08-20 14:47:35Z INFO GitHubActionsService] Finished operation Location.GetConnectionData
[2020-08-20 14:47:36Z INFO GitHubActionsService] Finished operation Location.GetConnectionData
[2020-08-20 14:47:36Z INFO GitHubActionsService] Finished operation Location.GetConnectionData
[2020-08-20 14:47:36Z INFO Terminal] WRITE LINE: 
[2020-08-20 14:47:36Z INFO ConfigurationManager] Test Connection complete.
[2020-08-20 14:47:36Z INFO HostContext] Well known directory 'Bin': '/home/akshatz/Documents/TicTacToe/tic-tac-toe/actions-runner/bin'
[2020-08-20 14:47:36Z INFO HostContext] Well known directory 'Root': '/home/akshatz/Documents/TicTacToe/tic-tac-toe/actions-runner'
[2020-08-20 14:47:36Z INFO HostContext] Well known config file 'RSACredentials': '/home/akshatz/Documents/TicTacToe/tic-tac-toe/actions-runner/.credentials_rsaparams'
[2020-08-20 14:47:36Z INFO RSAFileKeyManager] Creating new RSA key using 2048-bit key length
[2020-08-20 14:47:36Z INFO RSAFileKeyManager] Successfully saved RSA key parameters to file /home/akshatz/Documents/TicTacToe/tic-tac-toe/actions-runner/.credentials_rsaparams
[2020-08-20 14:47:36Z INFO RSAFileKeyManager] Which: 'chmod'
[2020-08-20 14:47:36Z INFO RSAFileKeyManager] Location: '/bin/chmod'
[2020-08-20 14:47:36Z INFO HostContext] Well known directory 'Bin': '/home/akshatz/Documents/TicTacToe/tic-tac-toe/actions-runner/bin'
[2020-08-20 14:47:36Z INFO HostContext] Well known directory 'Root': '/home/akshatz/Documents/TicTacToe/tic-tac-toe/actions-runner'
[2020-08-20 14:47:36Z INFO ProcessInvokerWrapper] Starting process:
[2020-08-20 14:47:36Z INFO ProcessInvokerWrapper]   File name: '/bin/chmod'
[2020-08-20 14:47:36Z INFO ProcessInvokerWrapper]   Arguments: '600 /home/akshatz/Documents/TicTacToe/tic-tac-toe/actions-runner/.credentials_rsaparams'
[2020-08-20 14:47:36Z INFO ProcessInvokerWrapper]   Working directory: '/home/akshatz/Documents/TicTacToe/tic-tac-toe/actions-runner'
[2020-08-20 14:47:36Z INFO ProcessInvokerWrapper]   Require exit code zero: 'False'
[2020-08-20 14:47:36Z INFO ProcessInvokerWrapper]   Encoding web name:  ; code page: ''
[2020-08-20 14:47:36Z INFO ProcessInvokerWrapper]   Force kill process on cancellation: 'False'
[2020-08-20 14:47:36Z INFO ProcessInvokerWrapper]   Redirected STDIN: 'False'
[2020-08-20 14:47:36Z INFO ProcessInvokerWrapper]   Persist current code page: 'False'
[2020-08-20 14:47:36Z INFO ProcessInvokerWrapper]   Keep redirected STDIN open: 'False'
[2020-08-20 14:47:36Z INFO ProcessInvokerWrapper]   High priority process: 'False'
[2020-08-20 14:47:36Z INFO ProcessInvokerWrapper] Failed to update oom_score_adj for PID: 42354.
[2020-08-20 14:47:36Z INFO ProcessInvokerWrapper] System.UnauthorizedAccessException: Access to the path '/proc/42354/oom_score_adj' is denied.
 ---> System.IO.IOException: Permission denied
   --- End of inner exception stack trace ---
   at Interop.ThrowExceptionForIoErrno(ErrorInfo errorInfo, String path, Boolean isDirectory, Func`2 errorRewriter)
   at Microsoft.Win32.SafeHandles.SafeFileHandle.Open(String path, OpenFlags flags, Int32 mode)
   at System.IO.FileStream.OpenHandle(FileMode mode, FileShare share, FileOptions options)
   at System.IO.FileStream..ctor(String path, FileMode mode, FileAccess access, FileShare share, Int32 bufferSize, FileOptions options)
   at System.IO.StreamWriter.ValidateArgsAndOpenPath(String path, Boolean append, Encoding encoding, Int32 bufferSize)
   at System.IO.StreamWriter..ctor(String path)
   at System.IO.File.WriteAllText(String path, String contents)
   at GitHub.Runner.Sdk.ProcessInvoker.WriteProcessOomScoreAdj(Int32 processId, Int32 oomScoreAdj)
[2020-08-20 14:47:36Z INFO ProcessInvokerWrapper] STDOUT/STDERR stream read finished.
[2020-08-20 14:47:36Z INFO ProcessInvokerWrapper] Process started with process id 42354, waiting for process exit.
[2020-08-20 14:47:36Z INFO ProcessInvokerWrapper] STDOUT/STDERR stream read finished.
[2020-08-20 14:47:36Z INFO ProcessInvokerWrapper] Finished process 42354 with exit code 0, and elapsed time 00:00:00.0333898.
[2020-08-20 14:47:36Z INFO RSAFileKeyManager] Successfully set permissions for RSA key parameters file /home/akshatz/Documents/TicTacToe/tic-tac-toe/actions-runner/.credentials_rsaparams
[2020-08-20 14:47:36Z INFO ConfigurationManager] Found a self-hosted runner group with id {1} and name {2} 1, Default
[2020-08-20 14:47:36Z INFO CommandSettings] Arg 'name': ''
[2020-08-20 14:47:36Z INFO CommandSettings] Flag 'unattended': 'False'
[2020-08-20 14:47:36Z INFO PromptManager] ReadValue
[2020-08-20 14:47:36Z INFO Terminal] WRITE: Enter the name of runner: 
[2020-08-20 14:47:36Z INFO Terminal] WRITE: [press Enter for akshat-zala] 
[2020-08-20 14:47:36Z INFO Terminal] READ LINE
[2020-08-20 14:47:36Z INFO Terminal] Read value: ''
[2020-08-20 14:47:36Z INFO PromptManager] Falling back to the default: 'akshat-zala'
[2020-08-20 14:47:36Z INFO Terminal] WRITE LINE: 
[2020-08-20 14:47:36Z INFO CommandSettings] Arg 'labels': ''
[2020-08-20 14:47:36Z INFO CommandSettings] Flag 'unattended': 'False'
[2020-08-20 14:47:36Z INFO PromptManager] ReadValue
[2020-08-20 14:47:36Z INFO Terminal] WRITE: This runner will have the following labels: 'self-hosted', 'Linux', 'X64' 
Enter any additional labels (ex. label-1,label-2): 
[2020-08-20 14:47:36Z INFO Terminal] WRITE: [press Enter to skip] 
[2020-08-20 14:47:36Z INFO Terminal] READ LINE
[2020-08-20 14:47:50Z INFO Terminal] Read value: ''
[2020-08-20 14:47:50Z INFO Terminal] WRITE LINE: 
[2020-08-20 14:47:51Z INFO ConfigurationStore] Saving OAuth credential @ /home/akshatz/Documents/TicTacToe/tic-tac-toe/actions-runner/.credentials
[2020-08-20 14:47:51Z INFO ConfigurationStore] Credentials Saved.
[2020-08-20 14:47:51Z INFO ConfigurationStore] HasCredentials()
[2020-08-20 14:47:51Z INFO ConfigurationStore] stored True
[2020-08-20 14:47:51Z INFO CredentialManager] GetCredentialProvider
[2020-08-20 14:47:51Z INFO CredentialManager] Creating type OAuth
[2020-08-20 14:47:51Z INFO CredentialManager] Creating credential type: OAuth
[2020-08-20 14:47:51Z INFO RSAFileKeyManager] Loading RSA key parameters from file /home/akshatz/Documents/TicTacToe/tic-tac-toe/actions-runner/.credentials_rsaparams
[2020-08-20 14:47:51Z INFO RunnerServer] Establish connection with 100 seconds timeout.
[2020-08-20 14:47:51Z INFO GitHubActionsService] Starting operation Location.GetConnectionData
[2020-08-20 14:47:51Z INFO RunnerServer] Establish connection with 60 seconds timeout.
[2020-08-20 14:47:51Z INFO GitHubActionsService] Starting operation Location.GetConnectionData
[2020-08-20 14:47:51Z INFO RunnerServer] Establish connection with 60 seconds timeout.
[2020-08-20 14:47:51Z INFO GitHubActionsService] Starting operation Location.GetConnectionData
[2020-08-20 14:47:52Z INFO GitHubActionsService] Finished operation Location.GetConnectionData
[2020-08-20 14:47:52Z INFO GitHubActionsService] Finished operation Location.GetConnectionData
[2020-08-20 14:47:53Z INFO GitHubActionsService] Finished operation Location.GetConnectionData
[2020-08-20 14:47:55Z WARN GitHubActionsService] Authentication failed with status code 401.
WWW-Authenticate: Bearer
Strict-Transport-Security: max-age=2592000
X-TFS-ProcessId: 848c92f4-f4e5-4aaf-85d9-3bdb7945e351
ActivityId: 9bf79722-7795-48c0-b918-f4e69a16c089
X-TFS-Session: cfd509c6-7ec7-4049-bb88-5c456edd6a63
X-VSS-E2EID: 6ac1f39f-7f73-41dc-9120-32eaa89e7440
X-VSS-SenderDeploymentId: 13a19993-c6bc-326c-afb4-32c5519f46f0
X-TFS-ServiceError: The+user+%27System%3aPublicAccess%3baaaaaaaa-aaaa-aaaa-aaaa-aaaaaaaaaaaa%27+is+not+authorized+to+access+this+resource.
X-VSS-S2STargetService: 0000005A-0000-8888-8000-000000000000/visualstudio.com
X-MSEdge-Ref: Ref A: 25023AE8F9614F83B7EF45D7617B1DD7 Ref B: BOM02EDGE0407 Ref C: 2020-08-20T14:47:53Z
Date: Thu, 20 Aug 2020 14:47:52 GMT

[2020-08-20 14:47:55Z INFO RSAFileKeyManager] Loading RSA key parameters from file /home/akshatz/Documents/TicTacToe/tic-tac-toe/actions-runner/.credentials_rsaparams
[2020-08-20 14:47:55Z INFO RSAFileKeyManager] Loading RSA key parameters from file /home/akshatz/Documents/TicTacToe/tic-tac-toe/actions-runner/.credentials_rsaparams
[2020-08-20 14:47:56Z INFO GitHubActionsService] AAD Correlation ID for this token request: Unknown
[2020-08-20 14:47:57Z INFO CommandSettings] Arg 'work': ''
[2020-08-20 14:47:57Z INFO CommandSettings] Flag 'unattended': 'False'
[2020-08-20 14:47:57Z INFO PromptManager] ReadValue
[2020-08-20 14:47:57Z INFO Terminal] WRITE: Enter name of work folder: 
[2020-08-20 14:47:57Z INFO Terminal] WRITE: [press Enter for _work] 
[2020-08-20 14:47:57Z INFO Terminal] READ LINE
[2020-08-20 14:48:06Z INFO Terminal] Read value: ''
[2020-08-20 14:48:06Z INFO PromptManager] Falling back to the default: '_work'
[2020-08-20 14:48:06Z INFO ConfigurationStore] Saving runner settings.
[2020-08-20 14:48:06Z INFO ConfigurationStore] Settings Saved.
[2020-08-20 14:48:06Z INFO Terminal] WRITE LINE: 
[2020-08-20 14:48:06Z INFO Terminal] WRITE LINE: 
[2020-08-20 14:48:06Z INFO SystemDControlManager] Service name 'actions.runner.akshatz-TicTacToe.akshat-zala.service' display name 'GitHub Actions Runner (akshatz-TicTacToe.akshat-zala)' will be used for service configuration.
[2020-08-20 14:48:06Z INFO HostContext] Well known directory 'Bin': '/home/akshatz/Documents/TicTacToe/tic-tac-toe/actions-runner/bin'
[2020-08-20 14:48:06Z INFO HostContext] Well known directory 'Root': '/home/akshatz/Documents/TicTacToe/tic-tac-toe/actions-runner'
[2020-08-20 14:48:06Z INFO HostContext] Well known directory 'Bin': '/home/akshatz/Documents/TicTacToe/tic-tac-toe/actions-runner/bin'
[2020-08-20 14:48:06Z INFO HostContext] Well known directory 'Bin': '/home/akshatz/Documents/TicTacToe/tic-tac-toe/actions-runner/bin'
[2020-08-20 14:48:06Z INFO HostContext] Well known directory 'Root': '/home/akshatz/Documents/TicTacToe/tic-tac-toe/actions-runner'
[2020-08-20 14:48:06Z INFO UnixUtil] Which: 'chmod'
[2020-08-20 14:48:07Z INFO UnixUtil] Location: '/bin/chmod'
[2020-08-20 14:48:07Z INFO UnixUtil] Running /bin/chmod 755 "/home/akshatz/Documents/TicTacToe/tic-tac-toe/actions-runner/svc.sh"
[2020-08-20 14:48:07Z INFO ProcessInvokerWrapper] Starting process:
[2020-08-20 14:48:07Z INFO ProcessInvokerWrapper]   File name: '/bin/chmod'
[2020-08-20 14:48:07Z INFO ProcessInvokerWrapper]   Arguments: '755 "/home/akshatz/Documents/TicTacToe/tic-tac-toe/actions-runner/svc.sh"'
[2020-08-20 14:48:07Z INFO ProcessInvokerWrapper]   Working directory: '/home/akshatz/Documents/TicTacToe/tic-tac-toe/actions-runner'
[2020-08-20 14:48:07Z INFO ProcessInvokerWrapper]   Require exit code zero: 'True'
[2020-08-20 14:48:07Z INFO ProcessInvokerWrapper]   Encoding web name:  ; code page: ''
[2020-08-20 14:48:07Z INFO ProcessInvokerWrapper]   Force kill process on cancellation: 'False'
[2020-08-20 14:48:07Z INFO ProcessInvokerWrapper]   Redirected STDIN: 'False'
[2020-08-20 14:48:07Z INFO ProcessInvokerWrapper]   Persist current code page: 'False'
[2020-08-20 14:48:07Z INFO ProcessInvokerWrapper]   Keep redirected STDIN open: 'False'
[2020-08-20 14:48:07Z INFO ProcessInvokerWrapper]   High priority process: 'False'
[2020-08-20 14:48:07Z INFO ProcessInvokerWrapper] Updated oom_score_adj to 500 for PID: 42407.
[2020-08-20 14:48:07Z INFO ProcessInvokerWrapper] STDOUT/STDERR stream read finished.
[2020-08-20 14:48:07Z INFO ProcessInvokerWrapper] Process started with process id 42407, waiting for process exit.
[2020-08-20 14:48:07Z INFO ProcessInvokerWrapper] STDOUT/STDERR stream read finished.
[2020-08-20 14:48:07Z INFO ProcessInvokerWrapper] Finished process 42407 with exit code 0, and elapsed time 00:00:00.0029681.
[2020-08-20 14:48:07Z INFO Listener] Runner execution has finished with return code 0
