[2020-08-20 14:48:16Z INFO HostContext] No proxy settings were found based on environmental variables (http_proxy/https_proxy/HTTP_PROXY/HTTPS_PROXY)
[2020-08-20 14:48:16Z INFO HostContext] Well known directory 'Bin': '/home/akshatz/Documents/TicTacToe/tic-tac-toe/actions-runner/bin'
[2020-08-20 14:48:16Z INFO HostContext] Well known directory 'Root': '/home/akshatz/Documents/TicTacToe/tic-tac-toe/actions-runner'
[2020-08-20 14:48:16Z INFO HostContext] Well known config file 'Credentials': '/home/akshatz/Documents/TicTacToe/tic-tac-toe/actions-runner/.credentials'
[2020-08-20 14:48:16Z INFO Listener] Runner is built for Linux (X64) - linux-x64.
[2020-08-20 14:48:16Z INFO Listener] RuntimeInformation: Linux 5.4.0-42-generic #46-Ubuntu SMP Fri Jul 10 00:24:02 UTC 2020.
[2020-08-20 14:48:16Z INFO Listener] Version: 2.272.0
[2020-08-20 14:48:16Z INFO Listener] Commit: ae543d59756d8440d9b450f3ca74ada6a1b8aefc
[2020-08-20 14:48:16Z INFO Listener] Culture: en-GB
[2020-08-20 14:48:16Z INFO Listener] UI Culture: en-GB
[2020-08-20 14:48:16Z INFO HostContext] Well known directory 'Bin': '/home/akshatz/Documents/TicTacToe/tic-tac-toe/actions-runner/bin'
[2020-08-20 14:48:16Z INFO HostContext] Well known directory 'Root': '/home/akshatz/Documents/TicTacToe/tic-tac-toe/actions-runner'
[2020-08-20 14:48:16Z INFO Listener] Validating directory permissions for: '/home/akshatz/Documents/TicTacToe/tic-tac-toe/actions-runner'
[2020-08-20 14:48:16Z INFO CommandLineParser] Parse
[2020-08-20 14:48:16Z INFO CommandLineParser] Parsing 1 args
[2020-08-20 14:48:16Z INFO CommandLineParser] parsing argument
[2020-08-20 14:48:16Z INFO CommandLineParser] HasArgs: False
[2020-08-20 14:48:16Z INFO CommandLineParser] Adding Command: run
[2020-08-20 14:48:16Z INFO Listener] Arguments parsed
[2020-08-20 14:48:16Z INFO Runner] ExecuteCommand
[2020-08-20 14:48:16Z INFO ConfigurationStore] currentAssemblyLocation: /home/akshatz/Documents/TicTacToe/tic-tac-toe/actions-runner/bin/Runner.Listener.dll
[2020-08-20 14:48:16Z INFO HostContext] Well known directory 'Bin': '/home/akshatz/Documents/TicTacToe/tic-tac-toe/actions-runner/bin'
[2020-08-20 14:48:16Z INFO ConfigurationStore] binPath: /home/akshatz/Documents/TicTacToe/tic-tac-toe/actions-runner/bin
[2020-08-20 14:48:16Z INFO HostContext] Well known directory 'Bin': '/home/akshatz/Documents/TicTacToe/tic-tac-toe/actions-runner/bin'
[2020-08-20 14:48:16Z INFO HostContext] Well known directory 'Root': '/home/akshatz/Documents/TicTacToe/tic-tac-toe/actions-runner'
[2020-08-20 14:48:16Z INFO ConfigurationStore] RootFolder: /home/akshatz/Documents/TicTacToe/tic-tac-toe/actions-runner
[2020-08-20 14:48:16Z INFO HostContext] Well known directory 'Bin': '/home/akshatz/Documents/TicTacToe/tic-tac-toe/actions-runner/bin'
[2020-08-20 14:48:16Z INFO HostContext] Well known directory 'Root': '/home/akshatz/Documents/TicTacToe/tic-tac-toe/actions-runner'
[2020-08-20 14:48:16Z INFO HostContext] Well known config file 'Runner': '/home/akshatz/Documents/TicTacToe/tic-tac-toe/actions-runner/.runner'
[2020-08-20 14:48:16Z INFO ConfigurationStore] ConfigFilePath: /home/akshatz/Documents/TicTacToe/tic-tac-toe/actions-runner/.runner
[2020-08-20 14:48:16Z INFO HostContext] Well known directory 'Bin': '/home/akshatz/Documents/TicTacToe/tic-tac-toe/actions-runner/bin'
[2020-08-20 14:48:16Z INFO HostContext] Well known directory 'Root': '/home/akshatz/Documents/TicTacToe/tic-tac-toe/actions-runner'
[2020-08-20 14:48:16Z INFO HostContext] Well known config file 'Credentials': '/home/akshatz/Documents/TicTacToe/tic-tac-toe/actions-runner/.credentials'
[2020-08-20 14:48:16Z INFO ConfigurationStore] CredFilePath: /home/akshatz/Documents/TicTacToe/tic-tac-toe/actions-runner/.credentials
[2020-08-20 14:48:16Z INFO HostContext] Well known directory 'Bin': '/home/akshatz/Documents/TicTacToe/tic-tac-toe/actions-runner/bin'
[2020-08-20 14:48:16Z INFO HostContext] Well known directory 'Root': '/home/akshatz/Documents/TicTacToe/tic-tac-toe/actions-runner'
[2020-08-20 14:48:16Z INFO HostContext] Well known config file 'MigratedCredentials': '/home/akshatz/Documents/TicTacToe/tic-tac-toe/actions-runner/.credentials_migrated'
[2020-08-20 14:48:16Z INFO ConfigurationStore] MigratedCredFilePath: /home/akshatz/Documents/TicTacToe/tic-tac-toe/actions-runner/.credentials_migrated
[2020-08-20 14:48:16Z INFO HostContext] Well known directory 'Bin': '/home/akshatz/Documents/TicTacToe/tic-tac-toe/actions-runner/bin'
[2020-08-20 14:48:16Z INFO HostContext] Well known directory 'Root': '/home/akshatz/Documents/TicTacToe/tic-tac-toe/actions-runner'
[2020-08-20 14:48:16Z INFO HostContext] Well known config file 'Service': '/home/akshatz/Documents/TicTacToe/tic-tac-toe/actions-runner/.service'
[2020-08-20 14:48:16Z INFO ConfigurationStore] ServiceConfigFilePath: /home/akshatz/Documents/TicTacToe/tic-tac-toe/actions-runner/.service
[2020-08-20 14:48:16Z INFO CommandSettings] Flag 'help': 'False'
[2020-08-20 14:48:16Z INFO CommandSettings] Flag 'version': 'False'
[2020-08-20 14:48:16Z INFO CommandSettings] Flag 'commit': 'False'
[2020-08-20 14:48:16Z INFO CommandSettings] Command 'configure': 'False'
[2020-08-20 14:48:16Z INFO CommandSettings] Command 'remove': 'False'
[2020-08-20 14:48:16Z INFO CommandSettings] Command 'warmup': 'False'
[2020-08-20 14:48:16Z INFO ConfigurationManager] LoadSettings
[2020-08-20 14:48:16Z INFO ConfigurationStore] IsConfigured()
[2020-08-20 14:48:16Z INFO ConfigurationStore] IsConfigured: True
[2020-08-20 14:48:16Z INFO ConfigurationManager] Is configured: True
[2020-08-20 14:48:16Z INFO ConfigurationStore] Read setting file: 285 chars
[2020-08-20 14:48:16Z INFO ConfigurationManager] Settings Loaded
[2020-08-20 14:48:16Z INFO ConfigurationStore] IsServiceConfigured()
[2020-08-20 14:48:16Z INFO ConfigurationStore] IsServiceConfigured: False
[2020-08-20 14:48:16Z INFO CommandSettings] Command 'run': 'True'
[2020-08-20 14:48:16Z INFO ConfigurationStore] IsConfigured()
[2020-08-20 14:48:16Z INFO ConfigurationStore] IsConfigured: True
[2020-08-20 14:48:16Z INFO ConfigurationManager] Is configured: True
[2020-08-20 14:48:16Z INFO Runner] Could not parse the argument value '' for StartupType. Defaulting to Manual
[2020-08-20 14:48:16Z INFO Runner] Set runner startup type - Manual
[2020-08-20 14:48:16Z INFO CommandSettings] Flag 'once': 'False'
[2020-08-20 14:48:16Z INFO Runner] RunAsync
[2020-08-20 14:48:16Z INFO ConfigurationManager] LoadSettings
[2020-08-20 14:48:16Z INFO ConfigurationStore] IsConfigured()
[2020-08-20 14:48:16Z INFO ConfigurationStore] IsConfigured: True
[2020-08-20 14:48:16Z INFO ConfigurationManager] Is configured: True
[2020-08-20 14:48:16Z INFO ConfigurationManager] Settings Loaded
[2020-08-20 14:48:16Z INFO MessageListener] {
  "AgentId": 2,
  "AgentName": "akshat-zala",
  "PoolId": 1,
  "PoolName": "Default",
  "ServerUrl": "https://pipelines.actions.githubusercontent.com/NodDh6nMaACSA8RvlHYJycgmen8ElbJUYzAHZPJid27dqUjzFq",
  "GitHubUrl": "https://github.com/akshatz/TicTacToe",
  "WorkFolder": "_work"
}
[2020-08-20 14:48:16Z INFO MessageListener] Loading Credentials
[2020-08-20 14:48:16Z INFO ConfigurationStore] HasCredentials()
[2020-08-20 14:48:16Z INFO ConfigurationStore] stored True
[2020-08-20 14:48:16Z INFO CredentialManager] GetCredentialProvider
[2020-08-20 14:48:16Z INFO CredentialManager] Creating type OAuth
[2020-08-20 14:48:16Z INFO CredentialManager] Creating credential type: OAuth
[2020-08-20 14:48:16Z INFO HostContext] Well known directory 'Bin': '/home/akshatz/Documents/TicTacToe/tic-tac-toe/actions-runner/bin'
[2020-08-20 14:48:16Z INFO HostContext] Well known directory 'Root': '/home/akshatz/Documents/TicTacToe/tic-tac-toe/actions-runner'
[2020-08-20 14:48:16Z INFO HostContext] Well known config file 'RSACredentials': '/home/akshatz/Documents/TicTacToe/tic-tac-toe/actions-runner/.credentials_rsaparams'
[2020-08-20 14:48:16Z INFO RSAFileKeyManager] Loading RSA key parameters from file /home/akshatz/Documents/TicTacToe/tic-tac-toe/actions-runner/.credentials_rsaparams
[2020-08-20 14:48:16Z INFO MessageListener] Attempt to create session.
[2020-08-20 14:48:16Z INFO MessageListener] Connecting to the Runner Server...
[2020-08-20 14:48:16Z INFO RunnerServer] Establish connection with 100 seconds timeout.
[2020-08-20 14:48:16Z INFO GitHubActionsService] Starting operation Location.GetConnectionData
[2020-08-20 14:48:16Z INFO RunnerServer] Establish connection with 60 seconds timeout.
[2020-08-20 14:48:16Z INFO GitHubActionsService] Starting operation Location.GetConnectionData
[2020-08-20 14:48:16Z INFO RunnerServer] Establish connection with 60 seconds timeout.
[2020-08-20 14:48:16Z INFO GitHubActionsService] Starting operation Location.GetConnectionData
[2020-08-20 14:48:18Z INFO GitHubActionsService] Finished operation Location.GetConnectionData
[2020-08-20 14:48:18Z INFO GitHubActionsService] Finished operation Location.GetConnectionData
[2020-08-20 14:48:18Z INFO GitHubActionsService] Finished operation Location.GetConnectionData
[2020-08-20 14:48:18Z INFO MessageListener] VssConnection created
[2020-08-20 14:48:18Z INFO Terminal] WRITE LINE: 
[2020-08-20 14:48:18Z INFO Terminal] WRITE LINE: 
[2020-08-20 14:48:18Z WARN GitHubActionsService] Authentication failed with status code 401.
WWW-Authenticate: Bearer
Strict-Transport-Security: max-age=2592000
X-TFS-ProcessId: 848c92f4-f4e5-4aaf-85d9-3bdb7945e351
ActivityId: 9bf7b656-7795-48c0-b918-f4e69a16c089
X-TFS-Session: ed3accb1-5513-43dd-96aa-8d7091edc3b2
X-VSS-E2EID: 3d5556f0-63a2-49c9-8d99-982437b03475
X-VSS-SenderDeploymentId: 13a19993-c6bc-326c-afb4-32c5519f46f0
X-TFS-ServiceError: The+user+%27System%3aPublicAccess%3baaaaaaaa-aaaa-aaaa-aaaa-aaaaaaaaaaaa%27+is+not+authorized+to+access+this+resource.
X-VSS-S2STargetService: 0000005A-0000-8888-8000-000000000000/visualstudio.com
X-MSEdge-Ref: Ref A: 72DB0A546C044C83943DF084FC8FC515 Ref B: BOM02EDGE0509 Ref C: 2020-08-20T14:48:18Z
Date: Thu, 20 Aug 2020 14:48:17 GMT

[2020-08-20 14:48:18Z INFO RSAFileKeyManager] Loading RSA key parameters from file /home/akshatz/Documents/TicTacToe/tic-tac-toe/actions-runner/.credentials_rsaparams
[2020-08-20 14:48:18Z INFO RSAFileKeyManager] Loading RSA key parameters from file /home/akshatz/Documents/TicTacToe/tic-tac-toe/actions-runner/.credentials_rsaparams
[2020-08-20 14:48:19Z INFO GitHubActionsService] AAD Correlation ID for this token request: Unknown
[2020-08-20 14:48:19Z INFO MessageListener] Session created.
[2020-08-20 14:48:19Z INFO Terminal] WRITE LINE: 2020-08-20 14:48:19Z: Listening for Jobs
[2020-08-20 14:48:19Z INFO JobDispatcher] Set runner/worker IPC timeout to 30 seconds.
[2020-08-20 14:50:23Z INFO Terminal] WRITE LINE: Exiting...
[2020-08-20 14:50:23Z INFO ConfigurationStore] IsServiceConfigured()
[2020-08-20 14:50:23Z INFO ConfigurationStore] IsServiceConfigured: False
[2020-08-20 14:50:23Z INFO HostContext] Runner will be shutdown for UserCancelled
[2020-08-20 14:50:23Z WARN GitHubActionsService] GET request to https://pipelines.actions.githubusercontent.com/NodDh6nMaACSA8RvlHYJycgmen8ElbJUYzAHZPJid27dqUjzFq/_apis/distributedtask/pools/1/messages?sessionId=e5a47627-3350-4096-98c0-fd048417b7a1 has been cancelled.
[2020-08-20 14:50:23Z INFO MessageListener] Get next message has been cancelled.
[2020-08-20 14:50:23Z INFO JobDispatcher] Shutting down JobDispatcher. Make sure all WorkerDispatcher has finished.
[2020-08-20 14:50:24Z INFO Listener] Runner execution been cancelled.
